<?xml version="1.0" encoding="UTF-8"?>
<testsuite name="com.preproject.stackOverflow.jwt.JwtTokenizerTest" tests="5" skipped="0" failures="0" errors="0" timestamp="2023-08-17T01:41:25" hostname="sonseungbeom-ui-MacBookAir-2.local" time="1.65">
  <properties/>
  <testcase name="encodeBase64SecretKeyTest()" classname="com.preproject.stackOverflow.jwt.JwtTokenizerTest" time="0.007"/>
  <testcase name="generateAccessTokenTest()" classname="com.preproject.stackOverflow.jwt.JwtTokenizerTest" time="0.102"/>
  <testcase name="does not throw any Exception when jws verify" classname="com.preproject.stackOverflow.jwt.JwtTokenizerTest" time="0.021"/>
  <testcase name="generateRefreshTokenTest()" classname="com.preproject.stackOverflow.jwt.JwtTokenizerTest" time="0.001"/>
  <testcase name="throw ExpiredJwtException when jws verify" classname="com.preproject.stackOverflow.jwt.JwtTokenizerTest" time="1.516"/>
  <system-out><![CDATA[a2V2aW4xMjM0MTIzNDEyMzQxMjM0MTIzNDEyMzQxMjM0
eyJhbGciOiJIUzI1NiJ9.eyJyb2xlcyI6WyJVU0VSIl0sIm1lbWJlcklkIjoxLCJzdWIiOiJ0ZXN0IGFjY2VzcyB0b2tlbiIsImlhdCI6MTY5MjIzNjQ4NSwiZXhwIjoxNjkyMjM3MDg1fQ.l432iI36vaeWXt1h8mkEp-1wD2dp9xVpX_BGYfu783s
eyJhbGciOiJIUzI1NiJ9.eyJzdWIiOiJ0ZXN0IHJlZnJlc2ggdG9rZW4iLCJpYXQiOjE2OTIyMzY0ODUsImV4cCI6MTY5MjMyMjg4NX0.tgh2nHUy7VTzrq1RhYcv9kduz9o8ZN2Vy76__h_N_Xs
]]></system-out>
  <system-err><![CDATA[]]></system-err>
</testsuite>
